<?xml version="1.0" encoding="utf-8"?><testsuites name="pytest tests"><testsuite name="pytest" errors="0" failures="0" skipped="6" tests="17" time="0.884" timestamp="2026-02-17T14:29:04.658351+00:00" hostname="agent-env-2b12ddc7-cbdf-4f61-82b0-0d04e946afe0"><testcase classname="tests.test_webhooks.TestWabisWebhook" name="test_wabis_webhook_verification_success" time="0.021" /><testcase classname="tests.test_webhooks.TestWabisWebhook" name="test_wabis_webhook_verification_failure" time="0.014" /><testcase classname="tests.test_webhooks.TestWabisWebhook" name="test_wabis_webhook_post_creates_customer_and_lead" time="0.073" /><testcase classname="tests.test_webhooks.TestShopifyOrdersWebhook" name="test_shopify_orders_webhook_creates_order" time="0.035" /><testcase classname="tests.test_webhooks.TestShopifyOrdersWebhook" name="test_shopify_orders_webhook_cod" time="0.037" /><testcase classname="tests.test_webhooks.TestShopifyCheckoutsWebhook" name="test_shopify_checkouts_webhook_creates_checkout" time="0.029" /><testcase classname="tests.test_webhooks.TestShopifyCheckoutsWebhook" name="test_shopify_checkouts_completed_skipped" time="0.029" /><testcase classname="tests.test_webhooks.TestMarketingDashboard" name="test_dashboard_redirects_unauthenticated" time="0.072" /><testcase classname="tests.test_webhooks.TestMarketingDashboard" name="test_dashboard_loads_authenticated" time="0.056"><skipped type="pytest.skip" message="Could not authenticate - skipping authenticated tests">/app/tests/test_webhooks.py:284: Could not authenticate - skipping authenticated tests</skipped></testcase><testcase classname="tests.test_webhooks.TestMarketingDashboard" name="test_leads_list_loads" time="0.058"><skipped type="pytest.skip" message="Could not authenticate - skipping authenticated tests">/app/tests/test_webhooks.py:295: Could not authenticate - skipping authenticated tests</skipped></testcase><testcase classname="tests.test_webhooks.TestMarketingDashboard" name="test_leads_filter_by_source_whatsapp" time="0.058"><skipped type="pytest.skip" message="Could not authenticate - skipping authenticated tests">/app/tests/test_webhooks.py:306: Could not authenticate - skipping authenticated tests</skipped></testcase><testcase classname="tests.test_webhooks.TestMarketingDashboard" name="test_leads_filter_by_source_shopify" time="0.057"><skipped type="pytest.skip" message="Could not authenticate - skipping authenticated tests">/app/tests/test_webhooks.py:319: Could not authenticate - skipping authenticated tests</skipped></testcase><testcase classname="tests.test_webhooks.TestMarketingDashboard" name="test_leads_filter_by_source_other" time="0.072"><skipped type="pytest.skip" message="Could not authenticate - skipping authenticated tests">/app/tests/test_webhooks.py:332: Could not authenticate - skipping authenticated tests</skipped></testcase><testcase classname="tests.test_webhooks.TestWabisDashboard" name="test_wabis_dashboard_loads" time="0.054"><skipped type="pytest.skip" message="Could not authenticate - skipping authenticated tests">/app/tests/test_webhooks.py:363: Could not authenticate - skipping authenticated tests</skipped></testcase><testcase classname="tests.test_webhooks.TestShopifyFulfillmentsWebhook" name="test_shopify_fulfillments_webhook" time="0.045" /><testcase classname="tests.test_webhooks.TestInvalidPayloads" name="test_wabis_invalid_json" time="0.022" /><testcase classname="tests.test_webhooks.TestInvalidPayloads" name="test_shopify_invalid_json" time="0.030" /></testsuite></testsuites>