<?xml version="1.0" encoding="utf-8"?><testsuites name="pytest tests"><testsuite name="pytest" errors="0" failures="0" skipped="0" tests="20" time="9.228" timestamp="2026-02-17T14:28:40.741051+00:00" hostname="agent-env-2b12ddc7-cbdf-4f61-82b0-0d04e946afe0"><testcase classname="tests.test_wabis_api.TestWabisConfigAPI" name="test_save_wabis_config_success" time="0.486" /><testcase classname="tests.test_wabis_api.TestWabisConfigAPI" name="test_save_wabis_config_missing_api_token" time="0.461" /><testcase classname="tests.test_wabis_api.TestWabisConfigAPI" name="test_save_wabis_config_missing_bot_id" time="0.370" /><testcase classname="tests.test_wabis_api.TestWabisConfigAPI" name="test_save_wabis_config_unauthenticated" time="0.380" /><testcase classname="tests.test_wabis_api.TestWabisConnectionTest" name="test_connection_test_missing_credentials" time="0.356" /><testcase classname="tests.test_wabis_api.TestWabisConnectionTest" name="test_connection_test_invalid_credentials" time="1.822" /><testcase classname="tests.test_wabis_api.TestWabisConnectionTest" name="test_connection_test_unauthenticated" time="0.323" /><testcase classname="tests.test_wabis_api.TestWabisSyncTrigger" name="test_trigger_sync_without_config" time="1.166" /><testcase classname="tests.test_wabis_api.TestWabisSyncTrigger" name="test_trigger_sync_unauthenticated" time="0.306" /><testcase classname="tests.test_wabis_api.TestWabisNumberBotIdUpdate" name="test_update_bot_id_nonexistent_number" time="0.324" /><testcase classname="tests.test_wabis_api.TestWabisNumberBotIdUpdate" name="test_update_bot_id_unauthenticated" time="0.278" /><testcase classname="tests.test_wabis_api.TestWabisNumberCRUD" name="test_add_number_success" time="0.368" /><testcase classname="tests.test_wabis_api.TestWabisNumberCRUD" name="test_add_number_missing_fields" time="0.330" /><testcase classname="tests.test_wabis_api.TestWabisNumberCRUD" name="test_add_number_and_update_bot_id" time="0.449" /><testcase classname="tests.test_wabis_api.TestSyncStatusAPI" name="test_sync_status_returns_valid_response" time="0.016" /><testcase classname="tests.test_wabis_api.TestWabisDashboardPages" name="test_wabis_dashboard_loads" time="0.328" /><testcase classname="tests.test_wabis_api.TestWabisDashboardPages" name="test_wabis_config_page_loads" time="0.308" /><testcase classname="tests.test_wabis_api.TestWabisDashboardPages" name="test_wabis_numbers_page_loads" time="0.338" /><testcase classname="tests.test_wabis_api.TestWabisDashboardPages" name="test_wabis_customers_page_loads" time="0.378" /><testcase classname="tests.test_wabis_api.TestWabisDashboardPages" name="test_wabis_webhook_logs_page_loads" time="0.339" /></testsuite></testsuites>