<?xml version="1.0" encoding="utf-8"?><testsuites name="pytest tests"><testsuite name="pytest" errors="0" failures="3" skipped="0" tests="20" time="8.734" timestamp="2026-02-17T14:28:05.354285+00:00" hostname="agent-env-2b12ddc7-cbdf-4f61-82b0-0d04e946afe0"><testcase classname="tests.test_wabis_api.TestWabisConfigAPI" name="test_save_wabis_config_success" time="0.385" /><testcase classname="tests.test_wabis_api.TestWabisConfigAPI" name="test_save_wabis_config_missing_api_token" time="0.331" /><testcase classname="tests.test_wabis_api.TestWabisConfigAPI" name="test_save_wabis_config_missing_bot_id" time="0.336" /><testcase classname="tests.test_wabis_api.TestWabisConfigAPI" name="test_save_wabis_config_unauthenticated" time="0.276"><failure message="AssertionError: Expected 401, got 403&#10;assert 403 == 401&#10; +  where 403 = &lt;Response [403]&gt;.status_code">tests/test_wabis_api.py:148: in test_save_wabis_config_unauthenticated
    assert response.status_code == 401, f"Expected 401, got {response.status_code}"
E   AssertionError: Expected 401, got 403
E   assert 403 == 401
E    +  where 403 = &lt;Response [403]&gt;.status_code</failure></testcase><testcase classname="tests.test_wabis_api.TestWabisConnectionTest" name="test_connection_test_missing_credentials" time="0.379" /><testcase classname="tests.test_wabis_api.TestWabisConnectionTest" name="test_connection_test_invalid_credentials" time="1.787" /><testcase classname="tests.test_wabis_api.TestWabisConnectionTest" name="test_connection_test_unauthenticated" time="0.277"><failure message="AssertionError: Expected 401, got 403&#10;assert 403 == 401&#10; +  where 403 = &lt;Response [403]&gt;.status_code">tests/test_wabis_api.py:246: in test_connection_test_unauthenticated
    assert response.status_code == 401, f"Expected 401, got {response.status_code}"
E   AssertionError: Expected 401, got 403
E   assert 403 == 401
E    +  where 403 = &lt;Response [403]&gt;.status_code</failure></testcase><testcase classname="tests.test_wabis_api.TestWabisSyncTrigger" name="test_trigger_sync_without_config" time="1.262" /><testcase classname="tests.test_wabis_api.TestWabisSyncTrigger" name="test_trigger_sync_unauthenticated" time="0.279"><failure message="AssertionError: Expected 401, got 403&#10;assert 403 == 401&#10; +  where 403 = &lt;Response [403]&gt;.status_code">tests/test_wabis_api.py:310: in test_trigger_sync_unauthenticated
    assert response.status_code == 401, f"Expected 401, got {response.status_code}"
E   AssertionError: Expected 401, got 403
E   assert 403 == 401
E    +  where 403 = &lt;Response [403]&gt;.status_code</failure></testcase><testcase classname="tests.test_wabis_api.TestWabisNumberBotIdUpdate" name="test_update_bot_id_nonexistent_number" time="0.376" /><testcase classname="tests.test_wabis_api.TestWabisNumberBotIdUpdate" name="test_update_bot_id_unauthenticated" time="0.286" /><testcase classname="tests.test_wabis_api.TestWabisNumberCRUD" name="test_add_number_success" time="0.338" /><testcase classname="tests.test_wabis_api.TestWabisNumberCRUD" name="test_add_number_missing_fields" time="0.320" /><testcase classname="tests.test_wabis_api.TestWabisNumberCRUD" name="test_add_number_and_update_bot_id" time="0.449" /><testcase classname="tests.test_wabis_api.TestSyncStatusAPI" name="test_sync_status_returns_valid_response" time="0.010" /><testcase classname="tests.test_wabis_api.TestWabisDashboardPages" name="test_wabis_dashboard_loads" time="0.292" /><testcase classname="tests.test_wabis_api.TestWabisDashboardPages" name="test_wabis_config_page_loads" time="0.302" /><testcase classname="tests.test_wabis_api.TestWabisDashboardPages" name="test_wabis_numbers_page_loads" time="0.353" /><testcase classname="tests.test_wabis_api.TestWabisDashboardPages" name="test_wabis_customers_page_loads" time="0.276" /><testcase classname="tests.test_wabis_api.TestWabisDashboardPages" name="test_wabis_webhook_logs_page_loads" time="0.274" /></testsuite></testsuites>