<?xml version="1.0" encoding="utf-8"?><testsuites name="pytest tests"><testsuite name="pytest" errors="0" failures="0" skipped="0" tests="14" time="3.613" timestamp="2026-02-18T14:16:43.757202+05:30" hostname="agent-env-48f54788-e705-44cc-b081-e970df5c76b0"><testcase classname="tests.test_whatsapp_leads_dashboard.TestWhatsAppLeadsDashboardAccess" name="test_dashboard_requires_login" time="0.190" /><testcase classname="tests.test_whatsapp_leads_dashboard.TestWhatsAppLeadsDashboardAccess" name="test_dashboard_loads_authenticated" time="0.299" /><testcase classname="tests.test_whatsapp_leads_dashboard.TestWhatsAppLeadsKPIs" name="test_kpis_with_last_30_days_filter" time="0.251" /><testcase classname="tests.test_whatsapp_leads_dashboard.TestWhatsAppLeadsKPIs" name="test_conversion_rate_calculated" time="0.249" /><testcase classname="tests.test_whatsapp_leads_dashboard.TestPerformanceBySalesNumberTable" name="test_sales_numbers_displayed" time="0.253" /><testcase classname="tests.test_whatsapp_leads_dashboard.TestPerformanceBySalesNumberTable" name="test_numbers_table_has_required_columns" time="0.253" /><testcase classname="tests.test_whatsapp_leads_dashboard.TestPerformanceBySalesNumberTable" name="test_all_numbers_row_shows_totals" time="0.251" /><testcase classname="tests.test_whatsapp_leads_dashboard.TestAllWhatsAppLeadsTable" name="test_leads_table_displayed" time="0.260" /><testcase classname="tests.test_whatsapp_leads_dashboard.TestAllWhatsAppLeadsTable" name="test_status_badges_displayed" time="0.250" /><testcase classname="tests.test_whatsapp_leads_dashboard.TestDateFilter" name="test_date_filter_options" time="0.251" /><testcase classname="tests.test_whatsapp_leads_dashboard.TestDateFilter" name="test_filter_applied_to_url" time="0.338" /><testcase classname="tests.test_whatsapp_leads_dashboard.TestNumberFiltering" name="test_filter_by_number_id" time="0.248" /><testcase classname="tests.test_whatsapp_leads_dashboard.TestNumberFiltering" name="test_filter_unassigned_leads" time="0.248" /><testcase classname="tests.test_whatsapp_leads_dashboard.TestViewContext" name="test_context_has_required_data" time="0.232" /></testsuite></testsuites>