<?xml version="1.0" encoding="utf-8"?><testsuites name="pytest tests"><testsuite name="pytest" errors="0" failures="3" skipped="0" tests="14" time="3.696" timestamp="2026-02-18T14:16:10.429366+05:30" hostname="agent-env-48f54788-e705-44cc-b081-e970df5c76b0"><testcase classname="tests.test_whatsapp_leads_dashboard.TestWhatsAppLeadsDashboardAccess" name="test_dashboard_requires_login" time="0.196" /><testcase classname="tests.test_whatsapp_leads_dashboard.TestWhatsAppLeadsDashboardAccess" name="test_dashboard_loads_authenticated" time="0.302" /><testcase classname="tests.test_whatsapp_leads_dashboard.TestWhatsAppLeadsKPIs" name="test_kpis_with_last_30_days_filter" time="0.253" /><testcase classname="tests.test_whatsapp_leads_dashboard.TestWhatsAppLeadsKPIs" name="test_conversion_rate_calculated" time="0.250" /><testcase classname="tests.test_whatsapp_leads_dashboard.TestPerformanceBySalesNumberTable" name="test_sales_numbers_displayed" time="0.252" /><testcase classname="tests.test_whatsapp_leads_dashboard.TestPerformanceBySalesNumberTable" name="test_numbers_table_has_required_columns" time="0.254"><failure message="AssertionError: Column NUMBER not found in numbers table&#10;assert 'NUMBER' in '\n&lt;!DOCTYPE html&gt;\n&lt;html lang=&quot;en&quot; class=&quot;h-full&quot;&gt;\n&lt;head&gt;\n    &lt;meta charset=&quot;UTF-8&quot;&gt;\n    &lt;meta name=&quot;viewport&quot; content=&quot;width=device-width, initial-scale=1.0&quot;&gt;\n    &lt;title&gt;WhatsApp Leads | Elvis-Manager&lt;/title&gt;\n    \n    &lt;!-- Tailwind CSS --&gt;\n    &lt;script src=&quot;https://cdn.tailwindcss.com&quot;&gt;&lt;/script&gt;\n    &lt;script&gt;\n        tailwind.config = {\n            theme: {\n                extend: {\n                    colors: {\n                        primary: {\n                            50: \'#fef2f2\',\n                            100: \'#fee2e2\',\n                            200: \'#fecaca\',\n                            300: \'#fca5a5\',\n                            400: \'#f87171\',\n                            500: \'#AE1F25\',\n                            600: \'#9B1B21\',\n                            700: \'#87171C\',\n                            800: \'#731318\',\n                            900: \'#5F0F14\'\n                        },\n                        sidebar: {\n                            DEFAULT: \'#000000\',\n                            hover: \'#1a1a1a\',\n                            active: \'#2d2d2d\'\n                        },\n                        ...uccess: \'fa-check-circle\',\n                error: \'fa-exclamation-circle\',\n                warning: \'fa-exclamation-triangle\',\n                info: \'fa-info-circle\'\n            };\n            const toast = document.createElement(\'div\');\n            toast.className = `flex items-center p-4 rounded-xl animate-fade-in border ${colors[type]}`;\n            toast.innerHTML = `\n                &lt;i class=&quot;fas ${icons[type]} mr-3 text-lg&quot;&gt;&lt;/i&gt;\n                &lt;span class=&quot;flex-1 text-base font-medium&quot;&gt;${message}&lt;/span&gt;\n                &lt;button onclick=&quot;this.parentElement.remove()&quot; class=&quot;ml-4 hover:opacity-70&quot;&gt;&lt;i class=&quot;fas fa-times&quot;&gt;&lt;/i&gt;&lt;/button&gt;\n            `;\n            container.appendChild(toast);\n            setTimeout(() =&gt; toast.remove(), 5000);\n        }\n        \n        function createToastContainer() {\n            const container = document.createElement(\'div\');\n            container.setAttribute(\'data-testid\', \'messages-container\');\n            container.className = \'fixed top-24 right-8 z-50 space-y-3 w-96\';\n            document.body.appendChild(container);\n            return container;\n        }\n    &lt;/script&gt;\n    \n&lt;/body&gt;\n&lt;/html&gt;\n'">tests/test_whatsapp_leads_dashboard.py:141: in test_numbers_table_has_required_columns
    assert col in content, f"Column {col} not found in numbers table"
E   AssertionError: Column NUMBER not found in numbers table
E   assert 'NUMBER' in '\n&lt;!DOCTYPE html&gt;\n&lt;html lang="en" class="h-full"&gt;\n&lt;head&gt;\n    &lt;meta charset="UTF-8"&gt;\n    &lt;meta name="viewport" content="width=device-width, initial-scale=1.0"&gt;\n    &lt;title&gt;WhatsApp Leads | Elvis-Manager&lt;/title&gt;\n    \n    &lt;!-- Tailwind CSS --&gt;\n    &lt;script src="https://cdn.tailwindcss.com"&gt;&lt;/script&gt;\n    &lt;script&gt;\n        tailwind.config = {\n            theme: {\n                extend: {\n                    colors: {\n                        primary: {\n                            50: \'#fef2f2\',\n                            100: \'#fee2e2\',\n                            200: \'#fecaca\',\n                            300: \'#fca5a5\',\n                            400: \'#f87171\',\n                            500: \'#AE1F25\',\n                            600: \'#9B1B21\',\n                            700: \'#87171C\',\n                            800: \'#731318\',\n                            900: \'#5F0F14\'\n                        },\n                        sidebar: {\n                            DEFAULT: \'#000000\',\n                            hover: \'#1a1a1a\',\n                            active: \'#2d2d2d\'\n                        },\n                        ...uccess: \'fa-check-circle\',\n                error: \'fa-exclamation-circle\',\n                warning: \'fa-exclamation-triangle\',\n                info: \'fa-info-circle\'\n            };\n            const toast = document.createElement(\'div\');\n            toast.className = `flex items-center p-4 rounded-xl animate-fade-in border ${colors[type]}`;\n            toast.innerHTML = `\n                &lt;i class="fas ${icons[type]} mr-3 text-lg"&gt;&lt;/i&gt;\n                &lt;span class="flex-1 text-base font-medium"&gt;${message}&lt;/span&gt;\n                &lt;button onclick="this.parentElement.remove()" class="ml-4 hover:opacity-70"&gt;&lt;i class="fas fa-times"&gt;&lt;/i&gt;&lt;/button&gt;\n            `;\n            container.appendChild(toast);\n            setTimeout(() =&gt; toast.remove(), 5000);\n        }\n        \n        function createToastContainer() {\n            const container = document.createElement(\'div\');\n            container.setAttribute(\'data-testid\', \'messages-container\');\n            container.className = \'fixed top-24 right-8 z-50 space-y-3 w-96\';\n            document.body.appendChild(container);\n            return container;\n        }\n    &lt;/script&gt;\n    \n&lt;/body&gt;\n&lt;/html&gt;\n'</failure></testcase><testcase classname="tests.test_whatsapp_leads_dashboard.TestPerformanceBySalesNumberTable" name="test_all_numbers_row_shows_totals" time="0.256" /><testcase classname="tests.test_whatsapp_leads_dashboard.TestAllWhatsAppLeadsTable" name="test_leads_table_displayed" time="0.250"><failure message="assert 'LEAD' in '\n&lt;!DOCTYPE html&gt;\n&lt;html lang=&quot;en&quot; class=&quot;h-full&quot;&gt;\n&lt;head&gt;\n    &lt;meta charset=&quot;UTF-8&quot;&gt;\n    &lt;meta name=&quot;viewport&quot; content=&quot;width=device-width, initial-scale=1.0&quot;&gt;\n    &lt;title&gt;WhatsApp Leads | Elvis-Manager&lt;/title&gt;\n    \n    &lt;!-- Tailwind CSS --&gt;\n    &lt;script src=&quot;https://cdn.tailwindcss.com&quot;&gt;&lt;/script&gt;\n    &lt;script&gt;\n        tailwind.config = {\n            theme: {\n                extend: {\n                    colors: {\n                        primary: {\n                            50: \'#fef2f2\',\n                            100: \'#fee2e2\',\n                            200: \'#fecaca\',\n                            300: \'#fca5a5\',\n                            400: \'#f87171\',\n                            500: \'#AE1F25\',\n                            600: \'#9B1B21\',\n                            700: \'#87171C\',\n                            800: \'#731318\',\n                            900: \'#5F0F14\'\n                        },\n                        sidebar: {\n                            DEFAULT: \'#000000\',\n                            hover: \'#1a1a1a\',\n                            active: \'#2d2d2d\'\n                        },\n                        ...uccess: \'fa-check-circle\',\n                error: \'fa-exclamation-circle\',\n                warning: \'fa-exclamation-triangle\',\n                info: \'fa-info-circle\'\n            };\n            const toast = document.createElement(\'div\');\n            toast.className = `flex items-center p-4 rounded-xl animate-fade-in border ${colors[type]}`;\n            toast.innerHTML = `\n                &lt;i class=&quot;fas ${icons[type]} mr-3 text-lg&quot;&gt;&lt;/i&gt;\n                &lt;span class=&quot;flex-1 text-base font-medium&quot;&gt;${message}&lt;/span&gt;\n                &lt;button onclick=&quot;this.parentElement.remove()&quot; class=&quot;ml-4 hover:opacity-70&quot;&gt;&lt;i class=&quot;fas fa-times&quot;&gt;&lt;/i&gt;&lt;/button&gt;\n            `;\n            container.appendChild(toast);\n            setTimeout(() =&gt; toast.remove(), 5000);\n        }\n        \n        function createToastContainer() {\n            const container = document.createElement(\'div\');\n            container.setAttribute(\'data-testid\', \'messages-container\');\n            container.className = \'fixed top-24 right-8 z-50 space-y-3 w-96\';\n            document.body.appendChild(container);\n            return container;\n        }\n    &lt;/script&gt;\n    \n&lt;/body&gt;\n&lt;/html&gt;\n'">tests/test_whatsapp_leads_dashboard.py:166: in test_leads_table_displayed
    assert 'LEAD' in content
E   assert 'LEAD' in '\n&lt;!DOCTYPE html&gt;\n&lt;html lang="en" class="h-full"&gt;\n&lt;head&gt;\n    &lt;meta charset="UTF-8"&gt;\n    &lt;meta name="viewport" content="width=device-width, initial-scale=1.0"&gt;\n    &lt;title&gt;WhatsApp Leads | Elvis-Manager&lt;/title&gt;\n    \n    &lt;!-- Tailwind CSS --&gt;\n    &lt;script src="https://cdn.tailwindcss.com"&gt;&lt;/script&gt;\n    &lt;script&gt;\n        tailwind.config = {\n            theme: {\n                extend: {\n                    colors: {\n                        primary: {\n                            50: \'#fef2f2\',\n                            100: \'#fee2e2\',\n                            200: \'#fecaca\',\n                            300: \'#fca5a5\',\n                            400: \'#f87171\',\n                            500: \'#AE1F25\',\n                            600: \'#9B1B21\',\n                            700: \'#87171C\',\n                            800: \'#731318\',\n                            900: \'#5F0F14\'\n                        },\n                        sidebar: {\n                            DEFAULT: \'#000000\',\n                            hover: \'#1a1a1a\',\n                            active: \'#2d2d2d\'\n                        },\n                        ...uccess: \'fa-check-circle\',\n                error: \'fa-exclamation-circle\',\n                warning: \'fa-exclamation-triangle\',\n                info: \'fa-info-circle\'\n            };\n            const toast = document.createElement(\'div\');\n            toast.className = `flex items-center p-4 rounded-xl animate-fade-in border ${colors[type]}`;\n            toast.innerHTML = `\n                &lt;i class="fas ${icons[type]} mr-3 text-lg"&gt;&lt;/i&gt;\n                &lt;span class="flex-1 text-base font-medium"&gt;${message}&lt;/span&gt;\n                &lt;button onclick="this.parentElement.remove()" class="ml-4 hover:opacity-70"&gt;&lt;i class="fas fa-times"&gt;&lt;/i&gt;&lt;/button&gt;\n            `;\n            container.appendChild(toast);\n            setTimeout(() =&gt; toast.remove(), 5000);\n        }\n        \n        function createToastContainer() {\n            const container = document.createElement(\'div\');\n            container.setAttribute(\'data-testid\', \'messages-container\');\n            container.className = \'fixed top-24 right-8 z-50 space-y-3 w-96\';\n            document.body.appendChild(container);\n            return container;\n        }\n    &lt;/script&gt;\n    \n&lt;/body&gt;\n&lt;/html&gt;\n'</failure></testcase><testcase classname="tests.test_whatsapp_leads_dashboard.TestAllWhatsAppLeadsTable" name="test_status_badges_displayed" time="0.252" /><testcase classname="tests.test_whatsapp_leads_dashboard.TestDateFilter" name="test_date_filter_options" time="0.251" /><testcase classname="tests.test_whatsapp_leads_dashboard.TestDateFilter" name="test_filter_applied_to_url" time="0.339" /><testcase classname="tests.test_whatsapp_leads_dashboard.TestNumberFiltering" name="test_filter_by_number_id" time="0.252" /><testcase classname="tests.test_whatsapp_leads_dashboard.TestNumberFiltering" name="test_filter_unassigned_leads" time="0.247" /><testcase classname="tests.test_whatsapp_leads_dashboard.TestViewContext" name="test_context_has_required_data" time="0.255"><failure message="TypeError: argument of type 'NoneType' is not iterable">tests/test_whatsapp_leads_dashboard.py:255: in test_context_has_required_data
    assert 'total_leads' in context
           ^^^^^^^^^^^^^^^^^^^^^^^^
E   TypeError: argument of type 'NoneType' is not iterable</failure></testcase></testsuite></testsuites>